# JRE version: Java(TM) SE Runtime Environment (8.0_162-b12) (build 1.8.0_162-b12)
# Java VM: Java HotSpot(TM) 64-Bit Server VM (25.162-b12 mixed mode windows-amd64 compressed oops)
Heap:
 PSYoungGen      total 165376K, used 137307K [0x00000000d6180000, 0x00000000e1c00000, 0x0000000100000000)
  eden space 159232K, 82% used [0x00000000d6180000,0x00000000de1f2a90,0x00000000dfd00000)
  from space 6144K, 94% used [0x00000000e1600000,0x00000000e1ba4450,0x00000000e1c00000)
  to   space 14848K, 0% used [0x00000000dff00000,0x00000000dff00000,0x00000000e0d80000)
 ParOldGen       total 52736K, used 21606K [0x0000000082400000, 0x0000000085780000, 0x00000000d6180000)
  object space 52736K, 40% used [0x0000000082400000,0x00000000839199e0,0x0000000085780000)
 Metaspace       used 50533K, capacity 52132K, committed 52568K, reserved 1095680K
  class space    used 6601K, capacity 6922K, committed 7000K, reserved 1048576K
GC Heap History (10 events):
Event: 1.956 GC heap before
{Heap before GC invocations=6 (full 1):
 PSYoungGen      total 70656K, used 65536K [0x00000000d6180000, 0x00000000dab80000, 0x0000000100000000)
  eden space 65536K, 100% used [0x00000000d6180000,0x00000000da180000,0x00000000da180000)
  from space 5120K, 0% used [0x00000000da680000,0x00000000da680000,0x00000000dab80000)
  to   space 5120K, 0% used [0x00000000da180000,0x00000000da180000,0x00000000da680000)
 ParOldGen       total 52736K, used 6016K [0x0000000082400000, 0x0000000085780000, 0x00000000d6180000)
  object space 52736K, 11% used [0x0000000082400000,0x00000000829e0048,0x0000000085780000)
 Metaspace       used 25395K, capacity 26120K, committed 26240K, reserved 1073152K
  class space    used 3258K, capacity 3446K, committed 3456K, reserved 1048576K
Event: 1.967 GC heap after
Heap after GC invocations=6 (full 1):
 PSYoungGen      total 70656K, used 5089K [0x00000000d6180000, 0x00000000de280000, 0x0000000100000000)
  eden space 65536K, 0% used [0x00000000d6180000,0x00000000d6180000,0x00000000da180000)
  from space 5120K, 99% used [0x00000000da180000,0x00000000da6787f8,0x00000000da680000)
  to   space 11264K, 0% used [0x00000000dd780000,0x00000000dd780000,0x00000000de280000)
 ParOldGen       total 52736K, used 11873K [0x0000000082400000, 0x0000000085780000, 0x00000000d6180000)
  object space 52736K, 22% used [0x0000000082400000,0x0000000082f98618,0x0000000085780000)
 Metaspace       used 25395K, capacity 26120K, committed 26240K, reserved 1073152K
  class space    used 3258K, capacity 3446K, committed 3456K, reserved 1048576K
}
Event: 2.724 GC heap before
{Heap before GC invocations=7 (full 1):
 PSYoungGen      total 70656K, used 70625K [0x00000000d6180000, 0x00000000de280000, 0x0000000100000000)
  eden space 65536K, 100% used [0x00000000d6180000,0x00000000da180000,0x00000000da180000)
  from space 5120K, 99% used [0x00000000da180000,0x00000000da6787f8,0x00000000da680000)
  to   space 11264K, 0% used [0x00000000dd780000,0x00000000dd780000,0x00000000de280000)
 ParOldGen       total 52736K, used 11873K [0x0000000082400000, 0x0000000085780000, 0x00000000d6180000)
  object space 52736K, 22% used [0x0000000082400000,0x0000000082f98618,0x0000000085780000)
 Metaspace       used 26848K, capacity 27708K, committed 27776K, reserved 1073152K
  class space    used 3472K, capacity 3674K, committed 3712K, reserved 1048576K
Event: 2.732 GC heap after
Heap after GC invocations=7 (full 1):
 PSYoungGen      total 116224K, used 8901K [0x00000000d6180000, 0x00000000de080000, 0x0000000100000000)
  eden space 107008K, 0% used [0x00000000d6180000,0x00000000d6180000,0x00000000dca00000)
  from space 9216K, 96% used [0x00000000dd780000,0x00000000de031528,0x00000000de080000)
  to   space 11264K, 0% used [0x00000000dca80000,0x00000000dca80000,0x00000000dd580000)
 ParOldGen       total 52736K, used 11881K [0x0000000082400000, 0x0000000085780000, 0x00000000d6180000)
  object space 52736K, 22% used [0x0000000082400000,0x0000000082f9a618,0x0000000085780000)
 Metaspace       used 26848K, capacity 27708K, committed 27776K, reserved 1073152K
  class space    used 3472K, capacity 3674K, committed 3712K, reserved 1048576K
}
Event: 3.872 GC heap before
{Heap before GC invocations=8 (full 1):
 PSYoungGen      total 116224K, used 115122K [0x00000000d6180000, 0x00000000de080000, 0x0000000100000000)
  eden space 107008K, 99% used [0x00000000d6180000,0x00000000dc93b650,0x00000000dca00000)
  from space 9216K, 96% used [0x00000000dd780000,0x00000000de031528,0x00000000de080000)
  to   space 11264K, 0% used [0x00000000dca80000,0x00000000dca80000,0x00000000dd580000)
 ParOldGen       total 52736K, used 11881K [0x0000000082400000, 0x0000000085780000, 0x00000000d6180000)
  object space 52736K, 22% used [0x0000000082400000,0x0000000082f9a618,0x0000000085780000)
 Metaspace       used 33922K, capacity 35326K, committed 35416K, reserved 1079296K
  class space    used 4382K, capacity 4661K, committed 4696K, reserved 1048576K
Event: 3.882 GC heap after
Heap after GC invocations=8 (full 1):
 PSYoungGen      total 118784K, used 11242K [0x00000000d6180000, 0x00000000e2480000, 0x0000000100000000)
  eden space 107520K, 0% used [0x00000000d6180000,0x00000000d6180000,0x00000000dca80000)
  from space 11264K, 99% used [0x00000000dca80000,0x00000000dd57a890,0x00000000dd580000)
  to   space 14848K, 0% used [0x00000000e1600000,0x00000000e1600000,0x00000000e2480000)
 ParOldGen       total 52736K, used 16367K [0x0000000082400000, 0x0000000085780000, 0x00000000d6180000)
  object space 52736K, 31% used [0x0000000082400000,0x00000000833fbec8,0x0000000085780000)
 Metaspace       used 33922K, capacity 35326K, committed 35416K, reserved 1079296K
  class space    used 4382K, capacity 4661K, committed 4696K, reserved 1048576K
}
Event: 3.882 GC heap before
{Heap before GC invocations=9 (full 2):
 PSYoungGen      total 118784K, used 11242K [0x00000000d6180000, 0x00000000e2480000, 0x0000000100000000)
  eden space 107520K, 0% used [0x00000000d6180000,0x00000000d6180000,0x00000000dca80000)
  from space 11264K, 99% used [0x00000000dca80000,0x00000000dd57a890,0x00000000dd580000)
  to   space 14848K, 0% used [0x00000000e1600000,0x00000000e1600000,0x00000000e2480000)
 ParOldGen       total 52736K, used 16367K [0x0000000082400000, 0x0000000085780000, 0x00000000d6180000)
  object space 52736K, 31% used [0x0000000082400000,0x00000000833fbec8,0x0000000085780000)
 Metaspace       used 33922K, capacity 35326K, committed 35416K, reserved 1079296K
  class space    used 4382K, capacity 4661K, committed 4696K, reserved 1048576K
Event: 3.934 GC heap after
Heap after GC invocations=9 (full 2):
 PSYoungGen      total 118784K, used 0K [0x00000000d6180000, 0x00000000e2480000, 0x0000000100000000)
  eden space 107520K, 0% used [0x00000000d6180000,0x00000000d6180000,0x00000000dca80000)
  from space 11264K, 0% used [0x00000000dca80000,0x00000000dca80000,0x00000000dd580000)
  to   space 14848K, 0% used [0x00000000e1600000,0x00000000e1600000,0x00000000e2480000)
 ParOldGen       total 52736K, used 21598K [0x0000000082400000, 0x0000000085780000, 0x00000000d6180000)
  object space 52736K, 40% used [0x0000000082400000,0x00000000839179e0,0x0000000085780000)
 Metaspace       used 33922K, capacity 35326K, committed 35416K, reserved 1079296K
  class space    used 4382K, capacity 4661K, committed 4696K, reserved 1048576K
}
Event: 4.934 GC heap before
{Heap before GC invocations=10 (full 2):
 PSYoungGen      total 118784K, used 107520K [0x00000000d6180000, 0x00000000e2480000, 0x0000000100000000)
  eden space 107520K, 100% used [0x00000000d6180000,0x00000000dca80000,0x00000000dca80000)
  from space 11264K, 0% used [0x00000000dca80000,0x00000000dca80000,0x00000000dd580000)
  to   space 14848K, 0% used [0x00000000e1600000,0x00000000e1600000,0x00000000e2480000)
 ParOldGen       total 52736K, used 21598K [0x0000000082400000, 0x0000000085780000, 0x00000000d6180000)
  object space 52736K, 40% used [0x0000000082400000,0x00000000839179e0,0x0000000085780000)
 Metaspace       used 37449K, capacity 38982K, committed 39128K, reserved 1083392K
  class space    used 4785K, capacity 5073K, committed 5080K, reserved 1048576K
Event: 4.939 GC heap after
Heap after GC invocations=10 (full 2):
 PSYoungGen      total 165376K, used 5777K [0x00000000d6180000, 0x00000000e1c00000, 0x0000000100000000)
  eden space 159232K, 0% used [0x00000000d6180000,0x00000000d6180000,0x00000000dfd00000)
  from space 6144K, 94% used [0x00000000e1600000,0x00000000e1ba4450,0x00000000e1c00000)
  to   space 14848K, 0% used [0x00000000dff00000,0x00000000dff00000,0x00000000e0d80000)
 ParOldGen       total 52736K, used 21606K [0x0000000082400000, 0x0000000085780000, 0x00000000d6180000)
  object space 52736K, 40% used [0x0000000082400000,0x00000000839199e0,0x0000000085780000)
 Metaspace       used 37449K, capacity 38982K, committed 39128K, reserved 1083392K
  class space    used 4785K, capacity 5073K, committed 5080K, reserved 1048576K
}

