# JRE version: Java(TM) SE Runtime Environment (8.0_162-b12) (build 1.8.0_162-b12)
# Java VM: Java HotSpot(TM) 64-Bit Server VM (25.162-b12 mixed mode windows-amd64 compressed oops)
Heap:
 PSYoungGen      total 118784K, used 15380K [0x00000000d6180000, 0x00000000e2d80000, 0x0000000100000000)
  eden space 108544K, 4% used [0x00000000d6180000,0x00000000d668a638,0x00000000dcb80000)
  from space 10240K, 99% used [0x00000000dcb80000,0x00000000dd57aad0,0x00000000dd580000)
  to   space 14336K, 0% used [0x00000000e1f80000,0x00000000e1f80000,0x00000000e2d80000)
 ParOldGen       total 53760K, used 16083K [0x0000000082400000, 0x0000000085880000, 0x00000000d6180000)
  object space 53760K, 29% used [0x0000000082400000,0x00000000833b4e98,0x0000000085880000)
 Metaspace       used 32761K, capacity 33866K, committed 33920K, reserved 1079296K
  class space    used 4237K, capacity 4479K, committed 4480K, reserved 1048576K
GC Heap History (10 events):
Event: 2.084 GC heap before
{Heap before GC invocations=4 (full 0):
 PSYoungGen      total 37888K, used 21636K [0x00000000d6180000, 0x00000000dab80000, 0x0000000100000000)
  eden space 32768K, 50% used [0x00000000d6180000,0x00000000d71a75f0,0x00000000d8180000)
  from space 5120K, 99% used [0x00000000d8180000,0x00000000d8679dd0,0x00000000d8680000)
  to   space 5120K, 0% used [0x00000000da680000,0x00000000da680000,0x00000000dab80000)
 ParOldGen       total 86016K, used 5109K [0x0000000082400000, 0x0000000087800000, 0x00000000d6180000)
  object space 86016K, 5% used [0x0000000082400000,0x00000000828fd6e8,0x0000000087800000)
 Metaspace       used 20557K, capacity 21136K, committed 21248K, reserved 1067008K
  class space    used 2617K, capacity 2776K, committed 2816K, reserved 1048576K
Event: 2.090 GC heap after
Heap after GC invocations=4 (full 0):
 PSYoungGen      total 70656K, used 5119K [0x00000000d6180000, 0x00000000dab80000, 0x0000000100000000)
  eden space 65536K, 0% used [0x00000000d6180000,0x00000000d6180000,0x00000000da180000)
  from space 5120K, 99% used [0x00000000da680000,0x00000000dab7ff40,0x00000000dab80000)
  to   space 5120K, 0% used [0x00000000da180000,0x00000000da180000,0x00000000da680000)
 ParOldGen       total 86016K, used 6661K [0x0000000082400000, 0x0000000087800000, 0x00000000d6180000)
  object space 86016K, 7% used [0x0000000082400000,0x0000000082a81518,0x0000000087800000)
 Metaspace       used 20557K, capacity 21136K, committed 21248K, reserved 1067008K
  class space    used 2617K, capacity 2776K, committed 2816K, reserved 1048576K
}
Event: 2.090 GC heap before
{Heap before GC invocations=5 (full 1):
 PSYoungGen      total 70656K, used 5119K [0x00000000d6180000, 0x00000000dab80000, 0x0000000100000000)
  eden space 65536K, 0% used [0x00000000d6180000,0x00000000d6180000,0x00000000da180000)
  from space 5120K, 99% used [0x00000000da680000,0x00000000dab7ff40,0x00000000dab80000)
  to   space 5120K, 0% used [0x00000000da180000,0x00000000da180000,0x00000000da680000)
 ParOldGen       total 86016K, used 6661K [0x0000000082400000, 0x0000000087800000, 0x00000000d6180000)
  object space 86016K, 7% used [0x0000000082400000,0x0000000082a81518,0x0000000087800000)
 Metaspace       used 20557K, capacity 21136K, committed 21248K, reserved 1067008K
  class space    used 2617K, capacity 2776K, committed 2816K, reserved 1048576K
Event: 2.112 GC heap after
Heap after GC invocations=5 (full 1):
 PSYoungGen      total 70656K, used 0K [0x00000000d6180000, 0x00000000dab80000, 0x0000000100000000)
  eden space 65536K, 0% used [0x00000000d6180000,0x00000000d6180000,0x00000000da180000)
  from space 5120K, 0% used [0x00000000da680000,0x00000000da680000,0x00000000dab80000)
  to   space 5120K, 0% used [0x00000000da180000,0x00000000da180000,0x00000000da680000)
 ParOldGen       total 53760K, used 6501K [0x0000000082400000, 0x0000000085880000, 0x00000000d6180000)
  object space 53760K, 12% used [0x0000000082400000,0x0000000082a59448,0x0000000085880000)
 Metaspace       used 20557K, capacity 21136K, committed 21248K, reserved 1067008K
  class space    used 2617K, capacity 2776K, committed 2816K, reserved 1048576K
}
Event: 2.534 GC heap before
{Heap before GC invocations=6 (full 1):
 PSYoungGen      total 70656K, used 65536K [0x00000000d6180000, 0x00000000dab80000, 0x0000000100000000)
  eden space 65536K, 100% used [0x00000000d6180000,0x00000000da180000,0x00000000da180000)
  from space 5120K, 0% used [0x00000000da680000,0x00000000da680000,0x00000000dab80000)
  to   space 5120K, 0% used [0x00000000da180000,0x00000000da180000,0x00000000da680000)
 ParOldGen       total 53760K, used 6501K [0x0000000082400000, 0x0000000085880000, 0x00000000d6180000)
  object space 53760K, 12% used [0x0000000082400000,0x0000000082a59448,0x0000000085880000)
 Metaspace       used 25017K, capacity 25740K, committed 25984K, reserved 1071104K
  class space    used 3206K, capacity 3382K, committed 3456K, reserved 1048576K
Event: 2.543 GC heap after
Heap after GC invocations=6 (full 1):
 PSYoungGen      total 70656K, used 5095K [0x00000000d6180000, 0x00000000dde80000, 0x0000000100000000)
  eden space 65536K, 0% used [0x00000000d6180000,0x00000000d6180000,0x00000000da180000)
  from space 5120K, 99% used [0x00000000da180000,0x00000000da679ca0,0x00000000da680000)
  to   space 9216K, 0% used [0x00000000dd580000,0x00000000dd580000,0x00000000dde80000)
 ParOldGen       total 53760K, used 9832K [0x0000000082400000, 0x0000000085880000, 0x00000000d6180000)
  object space 53760K, 18% used [0x0000000082400000,0x0000000082d9a250,0x0000000085880000)
 Metaspace       used 25017K, capacity 25740K, committed 25984K, reserved 1071104K
  class space    used 3206K, capacity 3382K, committed 3456K, reserved 1048576K
}
Event: 2.827 GC heap before
{Heap before GC invocations=7 (full 1):
 PSYoungGen      total 70656K, used 70601K [0x00000000d6180000, 0x00000000dde80000, 0x0000000100000000)
  eden space 65536K, 99% used [0x00000000d6180000,0x00000000da178a10,0x00000000da180000)
  from space 5120K, 99% used [0x00000000da180000,0x00000000da679ca0,0x00000000da680000)
  to   space 9216K, 0% used [0x00000000dd580000,0x00000000dd580000,0x00000000dde80000)
 ParOldGen       total 53760K, used 9832K [0x0000000082400000, 0x0000000085880000, 0x00000000d6180000)
  object space 53760K, 18% used [0x0000000082400000,0x0000000082d9a250,0x0000000085880000)
 Metaspace       used 26406K, capacity 27244K, committed 27520K, reserved 1073152K
  class space    used 3401K, capacity 3590K, committed 3712K, reserved 1048576K
Event: 2.836 GC heap after
Heap after GC invocations=7 (full 1):
 PSYoungGen      total 117760K, used 9189K [0x00000000d6180000, 0x00000000de200000, 0x0000000100000000)
  eden space 108544K, 0% used [0x00000000d6180000,0x00000000d6180000,0x00000000dcb80000)
  from space 9216K, 99% used [0x00000000dd580000,0x00000000dde797c0,0x00000000dde80000)
  to   space 10240K, 0% used [0x00000000dcb80000,0x00000000dcb80000,0x00000000dd580000)
 ParOldGen       total 53760K, used 10240K [0x0000000082400000, 0x0000000085880000, 0x00000000d6180000)
  object space 53760K, 19% used [0x0000000082400000,0x0000000082e00228,0x0000000085880000)
 Metaspace       used 26406K, capacity 27244K, committed 27520K, reserved 1073152K
  class space    used 3401K, capacity 3590K, committed 3712K, reserved 1048576K
}
Event: 4.123 GC heap before
{Heap before GC invocations=8 (full 1):
 PSYoungGen      total 117760K, used 117733K [0x00000000d6180000, 0x00000000de200000, 0x0000000100000000)
  eden space 108544K, 100% used [0x00000000d6180000,0x00000000dcb80000,0x00000000dcb80000)
  from space 9216K, 99% used [0x00000000dd580000,0x00000000dde797c0,0x00000000dde80000)
  to   space 10240K, 0% used [0x00000000dcb80000,0x00000000dcb80000,0x00000000dd580000)
 ParOldGen       total 53760K, used 10240K [0x0000000082400000, 0x0000000085880000, 0x00000000d6180000)
  object space 53760K, 19% used [0x0000000082400000,0x0000000082e00228,0x0000000085880000)
 Metaspace       used 32100K, capacity 33194K, committed 33408K, reserved 1079296K
  class space    used 4157K, capacity 4383K, committed 4480K, reserved 1048576K
Event: 4.137 GC heap after
Heap after GC invocations=8 (full 1):
 PSYoungGen      total 118784K, used 10218K [0x00000000d6180000, 0x00000000e2d80000, 0x0000000100000000)
  eden space 108544K, 0% used [0x00000000d6180000,0x00000000d6180000,0x00000000dcb80000)
  from space 10240K, 99% used [0x00000000dcb80000,0x00000000dd57aad0,0x00000000dd580000)
  to   space 14336K, 0% used [0x00000000e1f80000,0x00000000e1f80000,0x00000000e2d80000)
 ParOldGen       total 53760K, used 16083K [0x0000000082400000, 0x0000000085880000, 0x00000000d6180000)
  object space 53760K, 29% used [0x0000000082400000,0x00000000833b4e98,0x0000000085880000)
 Metaspace       used 32100K, capacity 33194K, committed 33408K, reserved 1079296K
  class space    used 4157K, capacity 4383K, committed 4480K, reserved 1048576K
}

