# JRE version: Java(TM) SE Runtime Environment (8.0_162-b12) (build 1.8.0_162-b12)
# Java VM: Java HotSpot(TM) 64-Bit Server VM (25.162-b12 mixed mode windows-amd64 compressed oops)
Heap:
 PSYoungGen      total 240640K, used 11649K [0x00000000d6180000, 0x00000000eb380000, 0x0000000100000000)
  eden space 222720K, 5% used [0x00000000d6180000,0x00000000d6ce0470,0x00000000e3b00000)
  from space 17920K, 0% used [0x00000000e3b00000,0x00000000e3b00000,0x00000000e4c80000)
  to   space 17920K, 0% used [0x00000000ea200000,0x00000000ea200000,0x00000000eb380000)
 ParOldGen       total 80896K, used 32453K [0x0000000082400000, 0x0000000087300000, 0x00000000d6180000)
  object space 80896K, 40% used [0x0000000082400000,0x00000000843b14b0,0x0000000087300000)
 Metaspace       used 56807K, capacity 58960K, committed 59136K, reserved 1099776K
  class space    used 7478K, capacity 7856K, committed 7936K, reserved 1048576K
GC Heap History (10 events):
Event: 3.280 GC heap before
{Heap before GC invocations=10 (full 2):
 PSYoungGen      total 172544K, used 10901K [0x00000000d6180000, 0x00000000e2f00000, 0x0000000100000000)
  eden space 157696K, 0% used [0x00000000d6180000,0x00000000d6180000,0x00000000dfb80000)
  from space 14848K, 73% used [0x00000000e0a00000,0x00000000e14a55b8,0x00000000e1880000)
  to   space 14848K, 0% used [0x00000000dfb80000,0x00000000dfb80000,0x00000000e0a00000)
 ParOldGen       total 54784K, used 16542K [0x0000000082400000, 0x0000000085980000, 0x00000000d6180000)
  object space 54784K, 30% used [0x0000000082400000,0x0000000083427988,0x0000000085980000)
 Metaspace       used 33983K, capacity 35384K, committed 35416K, reserved 1079296K
  class space    used 4432K, capacity 4704K, committed 4736K, reserved 1048576K
Event: 3.316 GC heap after
Heap after GC invocations=10 (full 2):
 PSYoungGen      total 172544K, used 0K [0x00000000d6180000, 0x00000000e2f00000, 0x0000000100000000)
  eden space 157696K, 0% used [0x00000000d6180000,0x00000000d6180000,0x00000000dfb80000)
  from space 14848K, 0% used [0x00000000e0a00000,0x00000000e0a00000,0x00000000e1880000)
  to   space 14848K, 0% used [0x00000000dfb80000,0x00000000dfb80000,0x00000000e0a00000)
 ParOldGen       total 80896K, used 18604K [0x0000000082400000, 0x0000000087300000, 0x00000000d6180000)
  object space 80896K, 22% used [0x0000000082400000,0x000000008362b3c0,0x0000000087300000)
 Metaspace       used 33983K, capacity 35384K, committed 35416K, reserved 1079296K
  class space    used 4432K, capacity 4704K, committed 4736K, reserved 1048576K
}
Event: 4.699 GC heap before
{Heap before GC invocations=11 (full 2):
 PSYoungGen      total 172544K, used 157664K [0x00000000d6180000, 0x00000000e2f00000, 0x0000000100000000)
  eden space 157696K, 99% used [0x00000000d6180000,0x00000000dfb780b8,0x00000000dfb80000)
  from space 14848K, 0% used [0x00000000e0a00000,0x00000000e0a00000,0x00000000e1880000)
  to   space 14848K, 0% used [0x00000000dfb80000,0x00000000dfb80000,0x00000000e0a00000)
 ParOldGen       total 80896K, used 18604K [0x0000000082400000, 0x0000000087300000, 0x00000000d6180000)
  object space 80896K, 22% used [0x0000000082400000,0x000000008362b3c0,0x0000000087300000)
 Metaspace       used 41626K, capacity 43166K, committed 43520K, reserved 1087488K
  class space    used 5523K, capacity 5827K, committed 5888K, reserved 1048576K
Event: 4.717 GC heap after
Heap after GC invocations=11 (full 2):
 PSYoungGen      total 172544K, used 10423K [0x00000000d6180000, 0x00000000e5c00000, 0x0000000100000000)
  eden space 157696K, 0% used [0x00000000d6180000,0x00000000d6180000,0x00000000dfb80000)
  from space 14848K, 70% used [0x00000000dfb80000,0x00000000e05adc00,0x00000000e0a00000)
  to   space 14848K, 0% used [0x00000000e4d80000,0x00000000e4d80000,0x00000000e5c00000)
 ParOldGen       total 80896K, used 18612K [0x0000000082400000, 0x0000000087300000, 0x00000000d6180000)
  object space 80896K, 23% used [0x0000000082400000,0x000000008362d3c0,0x0000000087300000)
 Metaspace       used 41626K, capacity 43166K, committed 43520K, reserved 1087488K
  class space    used 5523K, capacity 5827K, committed 5888K, reserved 1048576K
}
Event: 6.417 GC heap before
{Heap before GC invocations=12 (full 2):
 PSYoungGen      total 172544K, used 168119K [0x00000000d6180000, 0x00000000e5c00000, 0x0000000100000000)
  eden space 157696K, 100% used [0x00000000d6180000,0x00000000dfb80000,0x00000000dfb80000)
  from space 14848K, 70% used [0x00000000dfb80000,0x00000000e05adc00,0x00000000e0a00000)
  to   space 14848K, 0% used [0x00000000e4d80000,0x00000000e4d80000,0x00000000e5c00000)
 ParOldGen       total 80896K, used 18612K [0x0000000082400000, 0x0000000087300000, 0x00000000d6180000)
  object space 80896K, 23% used [0x0000000082400000,0x000000008362d3c0,0x0000000087300000)
 Metaspace       used 54661K, capacity 56768K, committed 57088K, reserved 1099776K
  class space    used 7194K, capacity 7574K, committed 7680K, reserved 1048576K
Event: 6.440 GC heap after
Heap after GC invocations=12 (full 2):
 PSYoungGen      total 237568K, used 14832K [0x00000000d6180000, 0x00000000e5e00000, 0x0000000100000000)
  eden space 222720K, 0% used [0x00000000d6180000,0x00000000d6180000,0x00000000e3b00000)
  from space 14848K, 99% used [0x00000000e4d80000,0x00000000e5bfc320,0x00000000e5c00000)
  to   space 17920K, 0% used [0x00000000e3b00000,0x00000000e3b00000,0x00000000e4c80000)
 ParOldGen       total 80896K, used 22702K [0x0000000082400000, 0x0000000087300000, 0x00000000d6180000)
  object space 80896K, 28% used [0x0000000082400000,0x0000000083a2bb38,0x0000000087300000)
 Metaspace       used 54661K, capacity 56768K, committed 57088K, reserved 1099776K
  class space    used 7194K, capacity 7574K, committed 7680K, reserved 1048576K
}
Event: 7.422 GC heap before
{Heap before GC invocations=13 (full 2):
 PSYoungGen      total 237568K, used 148352K [0x00000000d6180000, 0x00000000e5e00000, 0x0000000100000000)
  eden space 222720K, 59% used [0x00000000d6180000,0x00000000de3e4090,0x00000000e3b00000)
  from space 14848K, 99% used [0x00000000e4d80000,0x00000000e5bfc320,0x00000000e5c00000)
  to   space 17920K, 0% used [0x00000000e3b00000,0x00000000e3b00000,0x00000000e4c80000)
 ParOldGen       total 80896K, used 22702K [0x0000000082400000, 0x0000000087300000, 0x00000000d6180000)
  object space 80896K, 28% used [0x0000000082400000,0x0000000083a2bb38,0x0000000087300000)
 Metaspace       used 56787K, capacity 58944K, committed 59028K, reserved 1099776K
  class space    used 7470K, capacity 7854K, committed 7936K, reserved 1048576K
Event: 7.443 GC heap after
Heap after GC invocations=13 (full 2):
 PSYoungGen      total 240640K, used 6466K [0x00000000d6180000, 0x00000000eb380000, 0x0000000100000000)
  eden space 222720K, 0% used [0x00000000d6180000,0x00000000d6180000,0x00000000e3b00000)
  from space 17920K, 36% used [0x00000000e3b00000,0x00000000e4150a88,0x00000000e4c80000)
  to   space 17920K, 0% used [0x00000000ea200000,0x00000000ea200000,0x00000000eb380000)
 ParOldGen       total 80896K, used 32672K [0x0000000082400000, 0x0000000087300000, 0x00000000d6180000)
  object space 80896K, 40% used [0x0000000082400000,0x00000000843e8008,0x0000000087300000)
 Metaspace       used 56787K, capacity 58944K, committed 59028K, reserved 1099776K
  class space    used 7470K, capacity 7854K, committed 7936K, reserved 1048576K
}
Event: 7.443 GC heap before
{Heap before GC invocations=14 (full 3):
 PSYoungGen      total 240640K, used 6466K [0x00000000d6180000, 0x00000000eb380000, 0x0000000100000000)
  eden space 222720K, 0% used [0x00000000d6180000,0x00000000d6180000,0x00000000e3b00000)
  from space 17920K, 36% used [0x00000000e3b00000,0x00000000e4150a88,0x00000000e4c80000)
  to   space 17920K, 0% used [0x00000000ea200000,0x00000000ea200000,0x00000000eb380000)
 ParOldGen       total 80896K, used 32672K [0x0000000082400000, 0x0000000087300000, 0x00000000d6180000)
  object space 80896K, 40% used [0x0000000082400000,0x00000000843e8008,0x0000000087300000)
 Metaspace       used 56787K, capacity 58944K, committed 59028K, reserved 1099776K
  class space    used 7470K, capacity 7854K, committed 7936K, reserved 1048576K
Event: 7.561 GC heap after
Heap after GC invocations=14 (full 3):
 PSYoungGen      total 240640K, used 0K [0x00000000d6180000, 0x00000000eb380000, 0x0000000100000000)
  eden space 222720K, 0% used [0x00000000d6180000,0x00000000d6180000,0x00000000e3b00000)
  from space 17920K, 0% used [0x00000000e3b00000,0x00000000e3b00000,0x00000000e4c80000)
  to   space 17920K, 0% used [0x00000000ea200000,0x00000000ea200000,0x00000000eb380000)
 ParOldGen       total 80896K, used 32453K [0x0000000082400000, 0x0000000087300000, 0x00000000d6180000)
  object space 80896K, 40% used [0x0000000082400000,0x00000000843b14b0,0x0000000087300000)
 Metaspace       used 56787K, capacity 58944K, committed 59028K, reserved 1099776K
  class space    used 7470K, capacity 7854K, committed 7936K, reserved 1048576K
}

